<?xml version="1.0" encoding="UTF-8"?>
<!-- Generated by org.testng.reporters.JUnitReportReporter -->
<testsuite skipped="0" hostname="Apples-MacBook-Pro-2.local" name="lenkart.lenskart.AppTest" tests="1" failures="0" timestamp="31 Dec 2018 18:17:52 GMT" time="0.001" errors="0">
  <testcase name="testApp" time="0.001" classname="lenkart.lenskart.AppTest"/>
</testsuite> <!-- lenkart.lenskart.AppTest -->
